<?xml version="1.0" encoding="UTF-8"?>
<!-- Generated by org.testng.reporters.JUnitXMLReporter -->
<testsuite hostname="DESKTOP-A1CS799" name="Calculator" tests="4" failures="0" timestamp="15 Mar 2022 08:06:25 GMT" time="12.549" errors="0">
  <testcase name="multplication" time="0.731" classname="feb23.SecondtestCase"/>
  <testcase name="division" time="0.47" classname="feb23.SecondtestCase"/>
  <testcase name="addtion" time="0.45" classname="feb23.SecondtestCase"/>
  <testcase name="substraction" time="0.416" classname="feb23.SecondtestCase"/>
</testsuite> <!-- Calculator -->
