<?xml version="1.0" encoding="UTF-8"?>
<!-- Generated by org.testng.reporters.JUnitXMLReporter -->
<testsuite hostname="DESKTOP-A1CS799" name="OrangehrmLoginModule" tests="5" failures="0" timestamp="26 Feb 2022 14:35:22 GMT" time="411.188" errors="0">
  <testcase name="Login" time="84.968" classname="feb23.ThirdTestcase"/>
  <testcase name="Login" time="115.577" classname="feb23.ThirdTestcase"/>
  <testcase name="Login" time="67.759" classname="feb23.ThirdTestcase"/>
  <testcase name="Login" time="97.51" classname="feb23.ThirdTestcase"/>
  <testcase name="Login" time="45.366" classname="feb23.ThirdTestcase"/>
</testsuite> <!-- OrangehrmLoginModule -->
