<?xml version="1.0" encoding="UTF-8"?>
<!-- Generated by org.testng.reporters.JUnitXMLReporter -->
<testsuite hostname="DESKTOP-A1CS799" name="test3" tests="5" failures="0" timestamp="24 Feb 2022 13:06:57 GMT" time="196.086" errors="0">
  <testcase name="Login" time="38.517" classname="feb23.ThirdTestcase"/>
  <testcase name="Login" time="35.816" classname="feb23.ThirdTestcase"/>
  <testcase name="Login" time="32.586" classname="feb23.ThirdTestcase"/>
  <testcase name="Login" time="40.329" classname="feb23.ThirdTestcase"/>
  <testcase name="Login" time="48.832" classname="feb23.ThirdTestcase"/>
</testsuite> <!-- test3 -->
