<?xml version="1.0" encoding="UTF-8"?>
<!-- Generated by org.testng.reporters.JUnitXMLReporter -->
<testsuite hostname="DESKTOP-A1CS799" name="Repots" tests="9" failures="0" timestamp="23 Feb 2022 15:10:24 GMT" time="454.253" errors="0">
  <testcase name="branches" time="5.16" classname="feb22.Firstclass"/>
  <testcase name="roles" time="4.452" classname="feb22.Firstclass"/>
  <testcase name="multplication" time="4.817" classname="fab23.SecondtestCase"/>
  <testcase name="division" time="0.441" classname="fab23.SecondtestCase"/>
  <testcase name="Login" time="79.039" classname="fab23.ThirdTestcase"/>
  <testcase name="Login" time="62.964" classname="fab23.ThirdTestcase"/>
  <testcase name="Login" time="44.28" classname="fab23.ThirdTestcase"/>
  <testcase name="Login" time="61.792" classname="fab23.ThirdTestcase"/>
  <testcase name="Login" time="45.389" classname="fab23.ThirdTestcase"/>
</testsuite> <!-- Repots -->
