<?xml version="1.0" encoding="UTF-8"?>
<!-- Generated by org.testng.reporters.JUnitXMLReporter -->
<testsuite hostname="DESKTOP-A1CS799" name="Reports" tests="5" failures="0" timestamp="11 Mar 2022 02:23:37 GMT" time="203.122" errors="0">
  <testcase name="branches" time="4.815" classname="feb22.Firstclass"/>
  <testcase name="roles" time="3.443" classname="feb22.Firstclass"/>
  <testcase name="multplication" time="1.556" classname="feb23.SecondtestCase"/>
  <testcase name="division" time="0.421" classname="feb23.SecondtestCase"/>
  <testcase name="Login" time="91.214" classname="feb23.ThirdTestcase"/>
</testsuite> <!-- Reports -->
