<?xml version="1.0" encoding="UTF-8"?>
<!-- Generated by org.testng.reporters.JUnitXMLReporter -->
<testsuite hostname="DESKTOP-A1CS799" name="Smoke Testing(failed)" tests="2" failures="2" timestamp="11 Mar 2022 03:37:14 GMT" time="0.05" errors="0">
  <testcase name="roles" time="0.02" classname="feb22.Firstclass">
    <failure type="java.lang.NullPointerException">
      <![CDATA[java.lang.NullPointerException
	at feb22.Firstclass.roles(Firstclass.java:43)
... Removed 24 stack frames]]>
    </failure>
  </testcase> <!-- roles -->
  <testcase name="division" time="0.0" classname="feb23.SecondtestCase">
    <failure type="java.lang.NullPointerException">
      <![CDATA[java.lang.NullPointerException
	at feb23.SecondtestCase.division(SecondtestCase.java:49)
... Removed 24 stack frames]]>
    </failure>
  </testcase> <!-- division -->
</testsuite> <!-- Smoke Testing(failed) -->
